<?xml version="1.0" encoding="UTF-8"?>
<coverage generated="1664100324975" clover="3.2.0">
  <project timestamp="1664100324975" name="All files">
    <metrics statements="4" coveredstatements="4" conditionals="6" coveredconditionals="5" methods="1" coveredmethods="1" elements="11" coveredelements="10" complexity="0" loc="4" ncloc="4" packages="1" files="1" classes="1"/>
    <file name="Banner.tsx" path="D:\Re\s\src\components\banner\Banner.tsx">
      <metrics statements="4" coveredstatements="4" conditionals="6" coveredconditionals="5" methods="1" coveredmethods="1"/>
      <line num="8" count="1" type="stmt"/>
      <line num="18" count="3" type="stmt"/>
      <line num="20" count="3" type="stmt"/>
      <line num="60" count="1" type="stmt"/>
    </file>
  </project>
</coverage>
