{"D:\\Re\\s\\src\\components\\banner\\Banner.tsx": {"path":"D:\\Re\\s\\src\\components\\banner\\Banner.tsx","statementMap":{"0":{"start":{"line":8,"column":31},"end":{"line":58,"column":1}},"1":{"start":{"line":18,"column":5},"end":{"line":18,"column":9}},"2":{"start":{"line":20,"column":1},"end":{"line":57,"column":3}},"3":{"start":{"line":60,"column":0},"end":{"line":60,"column":22}}},"fnMap":{"0":{"name":"(anonymous_0)","decl":{"start":{"line":8,"column":31},"end":{"line":8,"column":32}},"loc":{"start":{"line":8,"column":44},"end":{"line":58,"column":1}}}},"branchMap":{"0":{"loc":{"start":{"line":31,"column":6},"end":{"line":31,"column":37}},"type":"cond-expr","locations":[{"start":{"line":31,"column":17},"end":{"line":31,"column":25}},{"start":{"line":31,"column":28},"end":{"line":31,"column":37}}]},"1":{"loc":{"start":{"line":36,"column":5},"end":{"line":40,"column":12}},"type":"cond-expr","locations":[{"start":{"line":37,"column":5},"end":{"line":38,"column":null}},{"start":{"line":40,"column":8},"end":{"line":40,"column":12}}]},"2":{"loc":{"start":{"line":43,"column":6},"end":{"line":50,"column":13}},"type":"cond-expr","locations":[{"start":{"line":44,"column":6},"end":{"line":48,"column":null}},{"start":{"line":50,"column":9},"end":{"line":50,"column":13}}]}},"s":{"0":1,"1":3,"2":3,"3":1},"f":{"0":3},"b":{"0":[3,0],"1":[2,1],"2":[2,1]}}
}
